2023-06-10 22:20:23	[Main thread]	DEBUG	future		Start process_tracker_file.
2023-06-10 22:20:23	[Main thread]	INFO	future		Current file: 2018_MCH.xlsx.
2023-06-10 22:20:23	[Main thread]	DEBUG	future		Start process_patient_data.
2023-06-10 22:20:23	[Main thread]	DEBUG	future		Start reading_patient_data_2.
2023-06-10 22:20:23	[Main thread]	INFO	future		Found 4 sheets inside the current file = May18,Apr18,Mar18,Look Up List.
2023-06-10 22:20:23	[Main thread]	INFO	future		Found 3 month sheets inside the current file = Mar18,Apr18,May18.
2023-06-10 22:20:23	[Main thread]	INFO	future		Tracker year = 2018.
2023-06-10 22:20:23	[Main thread]	DEBUG	future		Start processing sheets.
2023-06-10 22:20:23	[Main thread]	DEBUG	future		Start processing sheet Mar18.
2023-06-10 22:20:24	[Main thread]	DEBUG	future		patient_df dim: c(28, 20).
2023-06-10 22:20:24	[Main thread]	INFO	future		Finish processing sheet Mar18.
2023-06-10 22:20:24	[Main thread]	DEBUG	future		Start processing sheet Apr18.
2023-06-10 22:20:25	[Main thread]	DEBUG	future		patient_df dim: c(30, 20).
2023-06-10 22:20:25	[Main thread]	INFO	future		Finish processing sheet Apr18.
2023-06-10 22:20:25	[Main thread]	DEBUG	future		Start processing sheet May18.
2023-06-10 22:20:25	[Main thread]	DEBUG	future		patient_df dim: c(30, 20).
2023-06-10 22:20:25	[Main thread]	INFO	future		Finish processing sheet May18.
2023-06-10 22:20:25	[Main thread]	INFO	future		Start combining sheet data into single data frame.
2023-06-10 22:20:25	[Main thread]	INFO	future		Finish combining sheet data into single data frame.
2023-06-10 22:20:25	[Main thread]	INFO	future		Finish reading_patient_data_2.
2023-06-10 22:20:25	[Main thread]	DEBUG	future		df_raw_patient dim: c(88, 26).
2023-06-10 22:20:26	[Main thread]	DEBUG	future		Start export_data. Suffix = _patient_data.
2023-06-10 22:20:31	[Main thread]	INFO	future		Finish export_data. Suffix = {suffix}
2023-06-10 22:20:31	[Main thread]	INFO	future		Finish process_patient_data.
2023-06-10 22:20:31	[Main thread]	INFO	future		Start process_product_data.
2023-06-10 22:20:31	[Main thread]	DEBUG	future		Start reading_product_data_step1.
2023-06-10 22:20:32	[Main thread]	DEBUG	future		df_raw_product dim: c(24, 9).
2023-06-10 22:20:32	[Main thread]	DEBUG	future		Start export_data. Suffix = _product_data.
2023-06-10 22:20:32	[Main thread]	INFO	future		Finish export_data. Suffix = {suffix}
2023-06-10 22:20:32	[Main thread]	INFO	future		Finish process_product_data.
2023-06-10 22:20:32	[Main thread]	INFO	future		Finish process_tracker_file.
2023-06-11 05:13:39	[Main thread]	DEBUG	future		Start process_tracker_file.
2023-06-11 05:13:39	[Main thread]	INFO	future		Current file: 2018_MCH.xlsx.
2023-06-11 05:13:39	[Main thread]	DEBUG	future		Start process_patient_data.
2023-06-11 05:13:39	[Main thread]	DEBUG	future		Start reading_patient_data_2.
2023-06-11 05:13:39	[Main thread]	INFO	future		Found 4 sheets inside the current file = May18,Apr18,Mar18,Look Up List.
2023-06-11 05:13:39	[Main thread]	INFO	future		Found 3 month sheets inside the current file = Mar18,Apr18,May18.
2023-06-11 05:13:40	[Main thread]	INFO	future		Tracker year = 2018.
2023-06-11 05:13:40	[Main thread]	DEBUG	future		Start processing sheets.
2023-06-11 05:13:40	[Main thread]	DEBUG	future		Start processing sheet Mar18.
2023-06-11 05:13:40	[Main thread]	DEBUG	future		patient_df dim: c(28, 20).
2023-06-11 05:13:41	[Main thread]	INFO	future		Finish processing sheet Mar18.
2023-06-11 05:13:41	[Main thread]	DEBUG	future		Start processing sheet Apr18.
2023-06-11 05:13:45	[Main thread]	DEBUG	future		patient_df dim: c(30, 20).
2023-06-11 05:13:45	[Main thread]	INFO	future		Finish processing sheet Apr18.
2023-06-11 05:13:45	[Main thread]	DEBUG	future		Start processing sheet May18.
2023-06-11 05:13:45	[Main thread]	DEBUG	future		patient_df dim: c(30, 20).
2023-06-11 05:13:45	[Main thread]	INFO	future		Finish processing sheet May18.
2023-06-11 05:13:45	[Main thread]	INFO	future		Start combining sheet data into single data frame.
2023-06-11 05:13:45	[Main thread]	INFO	future		Finish combining sheet data into single data frame.
2023-06-11 05:13:45	[Main thread]	INFO	future		Finish reading_patient_data_2.
2023-06-11 05:13:45	[Main thread]	DEBUG	future		df_raw_patient dim: c(88, 26).
2023-06-11 05:13:45	[Main thread]	DEBUG	future		Start export_data. Suffix = _patient_data.
2023-06-11 05:13:46	[Main thread]	INFO	future		Finish export_data. Suffix = {suffix}
2023-06-11 05:13:46	[Main thread]	INFO	future		Finish process_patient_data.
2023-06-11 05:13:46	[Main thread]	INFO	future		Start process_product_data.
2023-06-11 05:13:46	[Main thread]	DEBUG	future		Start reading_product_data_step1.
2023-06-11 05:13:48	[Main thread]	DEBUG	future		df_raw_product dim: c(24, 9).
2023-06-11 05:13:48	[Main thread]	DEBUG	future		Start export_data. Suffix = _product_data.
2023-06-11 05:13:48	[Main thread]	INFO	future		Finish export_data. Suffix = {suffix}
2023-06-11 05:13:48	[Main thread]	INFO	future		Finish process_product_data.
2023-06-11 05:13:48	[Main thread]	INFO	future		Finish process_tracker_file.
