2023-06-10 22:20:50	[Main thread]	DEBUG	future		Start process_tracker_file.
2023-06-10 22:20:50	[Main thread]	INFO	future		Current file: 2020_STH.xlsx.
2023-06-10 22:20:50	[Main thread]	DEBUG	future		Start process_patient_data.
2023-06-10 22:20:50	[Main thread]	DEBUG	future		Start reading_patient_data_2.
2023-06-10 22:20:50	[Main thread]	INFO	future		Found 5 sheets inside the current file = INV,Mar20,Feb20,Jan20,Lookup List.
2023-06-10 22:20:50	[Main thread]	INFO	future		Found 3 month sheets inside the current file = Jan20,Feb20,Mar20.
2023-06-10 22:20:50	[Main thread]	INFO	future		Tracker year = 2020.
2023-06-10 22:20:50	[Main thread]	DEBUG	future		Start processing sheets.
2023-06-10 22:20:50	[Main thread]	DEBUG	future		Start processing sheet Jan20.
2023-06-10 22:20:51	[Main thread]	DEBUG	future		patient_df dim: c(16, 27).
2023-06-10 22:20:51	[Main thread]	INFO	future		Finish processing sheet Jan20.
2023-06-10 22:20:51	[Main thread]	DEBUG	future		Start processing sheet Feb20.
2023-06-10 22:20:52	[Main thread]	DEBUG	future		patient_df dim: c(16, 27).
2023-06-10 22:20:52	[Main thread]	INFO	future		Finish processing sheet Feb20.
2023-06-10 22:20:52	[Main thread]	DEBUG	future		Start processing sheet Mar20.
2023-06-10 22:20:53	[Main thread]	DEBUG	future		patient_df dim: c(17, 27).
2023-06-10 22:20:53	[Main thread]	INFO	future		Finish processing sheet Mar20.
2023-06-10 22:20:53	[Main thread]	INFO	future		Start combining sheet data into single data frame.
2023-06-10 22:20:53	[Main thread]	INFO	future		Finish combining sheet data into single data frame.
2023-06-10 22:20:53	[Main thread]	INFO	future		Finish reading_patient_data_2.
2023-06-10 22:20:53	[Main thread]	DEBUG	future		df_raw_patient dim: c(49, 33).
2023-06-10 22:20:53	[Main thread]	DEBUG	future		Start export_data. Suffix = _patient_data.
2023-06-10 22:20:53	[Main thread]	INFO	future		Finish export_data. Suffix = {suffix}
2023-06-10 22:20:53	[Main thread]	INFO	future		Finish process_patient_data.
2023-06-10 22:20:53	[Main thread]	INFO	future		Start process_product_data.
2023-06-10 22:20:53	[Main thread]	DEBUG	future		Start reading_product_data_step1.
2023-06-10 22:20:55	[Main thread]	DEBUG	future		df_raw_product dim: c(40, 9).
2023-06-10 22:20:55	[Main thread]	DEBUG	future		Start export_data. Suffix = _product_data.
2023-06-10 22:20:55	[Main thread]	INFO	future		Finish export_data. Suffix = {suffix}
2023-06-10 22:20:55	[Main thread]	INFO	future		Finish process_product_data.
2023-06-10 22:20:55	[Main thread]	INFO	future		Finish process_tracker_file.
2023-06-11 05:13:56	[Main thread]	DEBUG	future		Start process_tracker_file.
2023-06-11 05:13:56	[Main thread]	INFO	future		Current file: 2020_STH.xlsx.
2023-06-11 05:13:56	[Main thread]	DEBUG	future		Start process_patient_data.
2023-06-11 05:13:56	[Main thread]	DEBUG	future		Start reading_patient_data_2.
2023-06-11 05:13:56	[Main thread]	INFO	future		Found 5 sheets inside the current file = INV,Mar20,Feb20,Jan20,Lookup List.
2023-06-11 05:13:56	[Main thread]	INFO	future		Found 3 month sheets inside the current file = Jan20,Feb20,Mar20.
2023-06-11 05:13:56	[Main thread]	INFO	future		Tracker year = 2020.
2023-06-11 05:13:56	[Main thread]	DEBUG	future		Start processing sheets.
2023-06-11 05:13:56	[Main thread]	DEBUG	future		Start processing sheet Jan20.
2023-06-11 05:13:57	[Main thread]	DEBUG	future		patient_df dim: c(16, 27).
2023-06-11 05:13:57	[Main thread]	INFO	future		Finish processing sheet Jan20.
2023-06-11 05:13:57	[Main thread]	DEBUG	future		Start processing sheet Feb20.
2023-06-11 05:13:58	[Main thread]	DEBUG	future		patient_df dim: c(16, 27).
2023-06-11 05:13:58	[Main thread]	INFO	future		Finish processing sheet Feb20.
2023-06-11 05:13:58	[Main thread]	DEBUG	future		Start processing sheet Mar20.
2023-06-11 05:13:58	[Main thread]	DEBUG	future		patient_df dim: c(17, 27).
2023-06-11 05:13:59	[Main thread]	INFO	future		Finish processing sheet Mar20.
2023-06-11 05:13:59	[Main thread]	INFO	future		Start combining sheet data into single data frame.
2023-06-11 05:13:59	[Main thread]	INFO	future		Finish combining sheet data into single data frame.
2023-06-11 05:13:59	[Main thread]	INFO	future		Finish reading_patient_data_2.
2023-06-11 05:13:59	[Main thread]	DEBUG	future		df_raw_patient dim: c(49, 33).
2023-06-11 05:13:59	[Main thread]	DEBUG	future		Start export_data. Suffix = _patient_data.
2023-06-11 05:14:05	[Main thread]	INFO	future		Finish export_data. Suffix = {suffix}
2023-06-11 05:14:05	[Main thread]	INFO	future		Finish process_patient_data.
2023-06-11 05:14:05	[Main thread]	INFO	future		Start process_product_data.
2023-06-11 05:14:05	[Main thread]	DEBUG	future		Start reading_product_data_step1.
2023-06-11 05:14:06	[Main thread]	DEBUG	future		df_raw_product dim: c(40, 9).
2023-06-11 05:14:06	[Main thread]	DEBUG	future		Start export_data. Suffix = _product_data.
2023-06-11 05:14:06	[Main thread]	INFO	future		Finish export_data. Suffix = {suffix}
2023-06-11 05:14:06	[Main thread]	INFO	future		Finish process_product_data.
2023-06-11 05:14:06	[Main thread]	INFO	future		Finish process_tracker_file.
