2023-06-10 22:20:36	[Main thread]	DEBUG	future		Start process_tracker_file.
2023-06-10 22:20:37	[Main thread]	INFO	future		Current file: 2020_KBH.xlsx.
2023-06-10 22:20:37	[Main thread]	DEBUG	future		Start process_patient_data.
2023-06-10 22:20:37	[Main thread]	DEBUG	future		Start reading_patient_data_2.
2023-06-10 22:20:37	[Main thread]	INFO	future		Found 4 sheets inside the current file = Dec20,Nov20,Oct20,Lookup List.
2023-06-10 22:20:37	[Main thread]	INFO	future		Found 3 month sheets inside the current file = Oct20,Nov20,Dec20.
2023-06-10 22:20:37	[Main thread]	INFO	future		Tracker year = 2020.
2023-06-10 22:20:37	[Main thread]	DEBUG	future		Start processing sheets.
2023-06-10 22:20:37	[Main thread]	DEBUG	future		Start processing sheet Oct20.
2023-06-10 22:20:38	[Main thread]	DEBUG	future		patient_df dim: c(71, 28).
2023-06-10 22:20:38	[Main thread]	INFO	future		Finish processing sheet Oct20.
2023-06-10 22:20:38	[Main thread]	DEBUG	future		Start processing sheet Nov20.
2023-06-10 22:20:38	[Main thread]	DEBUG	future		patient_df dim: c(71, 28).
2023-06-10 22:20:38	[Main thread]	INFO	future		Finish processing sheet Nov20.
2023-06-10 22:20:38	[Main thread]	DEBUG	future		Start processing sheet Dec20.
2023-06-10 22:20:39	[Main thread]	DEBUG	future		patient_df dim: c(71, 29).
2023-06-10 22:20:39	[Main thread]	INFO	future		Finish processing sheet Dec20.
2023-06-10 22:20:39	[Main thread]	INFO	future		Start combining sheet data into single data frame.
2023-06-10 22:20:39	[Main thread]	INFO	future		Finish combining sheet data into single data frame.
2023-06-10 22:20:39	[Main thread]	INFO	future		Finish reading_patient_data_2.
2023-06-10 22:20:39	[Main thread]	DEBUG	future		df_raw_patient dim: c(213, 35).
2023-06-10 22:20:39	[Main thread]	DEBUG	future		Start export_data. Suffix = _patient_data.
2023-06-10 22:20:39	[Main thread]	INFO	future		Finish export_data. Suffix = {suffix}
2023-06-10 22:20:39	[Main thread]	INFO	future		Finish process_patient_data.
2023-06-10 22:20:39	[Main thread]	INFO	future		Start process_product_data.
2023-06-10 22:20:39	[Main thread]	DEBUG	future		Start reading_product_data_step1.
2023-06-10 22:20:40	[Main thread]	DEBUG	future		df_raw_product dim: .
2023-06-10 22:20:40	[Main thread]	INFO	future		Finish process_product_data.
2023-06-10 22:20:40	[Main thread]	INFO	future		Finish process_tracker_file.
2023-06-11 05:13:56	[Main thread]	DEBUG	future		Start process_tracker_file.
2023-06-11 05:13:56	[Main thread]	INFO	future		Current file: 2020_KBH.xlsx.
2023-06-11 05:13:56	[Main thread]	DEBUG	future		Start process_patient_data.
2023-06-11 05:13:56	[Main thread]	DEBUG	future		Start reading_patient_data_2.
2023-06-11 05:13:56	[Main thread]	INFO	future		Found 4 sheets inside the current file = Dec20,Nov20,Oct20,Lookup List.
2023-06-11 05:13:56	[Main thread]	INFO	future		Found 3 month sheets inside the current file = Oct20,Nov20,Dec20.
2023-06-11 05:13:56	[Main thread]	INFO	future		Tracker year = 2020.
2023-06-11 05:13:56	[Main thread]	DEBUG	future		Start processing sheets.
2023-06-11 05:13:56	[Main thread]	DEBUG	future		Start processing sheet Oct20.
2023-06-11 05:13:57	[Main thread]	DEBUG	future		patient_df dim: c(71, 28).
2023-06-11 05:13:57	[Main thread]	INFO	future		Finish processing sheet Oct20.
2023-06-11 05:13:57	[Main thread]	DEBUG	future		Start processing sheet Nov20.
2023-06-11 05:13:57	[Main thread]	DEBUG	future		patient_df dim: c(71, 28).
2023-06-11 05:13:57	[Main thread]	INFO	future		Finish processing sheet Nov20.
2023-06-11 05:13:58	[Main thread]	DEBUG	future		Start processing sheet Dec20.
2023-06-11 05:13:58	[Main thread]	DEBUG	future		patient_df dim: c(71, 29).
2023-06-11 05:13:58	[Main thread]	INFO	future		Finish processing sheet Dec20.
2023-06-11 05:13:58	[Main thread]	INFO	future		Start combining sheet data into single data frame.
2023-06-11 05:13:58	[Main thread]	INFO	future		Finish combining sheet data into single data frame.
2023-06-11 05:13:58	[Main thread]	INFO	future		Finish reading_patient_data_2.
2023-06-11 05:13:58	[Main thread]	DEBUG	future		df_raw_patient dim: c(213, 35).
2023-06-11 05:13:58	[Main thread]	DEBUG	future		Start export_data. Suffix = _patient_data.
2023-06-11 05:14:05	[Main thread]	INFO	future		Finish export_data. Suffix = {suffix}
2023-06-11 05:14:05	[Main thread]	INFO	future		Finish process_patient_data.
2023-06-11 05:14:05	[Main thread]	INFO	future		Start process_product_data.
2023-06-11 05:14:05	[Main thread]	DEBUG	future		Start reading_product_data_step1.
2023-06-11 05:14:05	[Main thread]	DEBUG	future		df_raw_product dim: .
2023-06-11 05:14:05	[Main thread]	INFO	future		Finish process_product_data.
2023-06-11 05:14:05	[Main thread]	INFO	future		Finish process_tracker_file.
