2023-06-10 22:20:50	[Main thread]	DEBUG	future		Start process_tracker_file.
2023-06-10 22:20:50	[Main thread]	INFO	future		Current file: 2021_SWK.xlsx.
2023-06-10 22:20:50	[Main thread]	DEBUG	future		Start process_patient_data.
2023-06-10 22:20:50	[Main thread]	DEBUG	future		Start reading_patient_data_2.
2023-06-10 22:20:51	[Main thread]	INFO	future		Found 5 sheets inside the current file = INV,Dec21,Nov21,Oct21,Look Up List.
2023-06-10 22:20:51	[Main thread]	INFO	future		Found 3 month sheets inside the current file = Oct21,Nov21,Dec21.
2023-06-10 22:20:51	[Main thread]	INFO	future		Tracker year = 2021.
2023-06-10 22:20:51	[Main thread]	DEBUG	future		Start processing sheets.
2023-06-10 22:20:51	[Main thread]	DEBUG	future		Start processing sheet Oct21.
2023-06-10 22:20:52	[Main thread]	DEBUG	future		patient_df dim: c(14, 30).
2023-06-10 22:20:52	[Main thread]	INFO	future		Finish processing sheet Oct21.
2023-06-10 22:20:52	[Main thread]	DEBUG	future		Start processing sheet Nov21.
2023-06-10 22:20:53	[Main thread]	DEBUG	future		patient_df dim: c(14, 30).
2023-06-10 22:20:53	[Main thread]	INFO	future		Finish processing sheet Nov21.
2023-06-10 22:20:53	[Main thread]	DEBUG	future		Start processing sheet Dec21.
2023-06-10 22:20:54	[Main thread]	DEBUG	future		patient_df dim: c(15, 30).
2023-06-10 22:20:54	[Main thread]	INFO	future		Finish processing sheet Dec21.
2023-06-10 22:20:54	[Main thread]	INFO	future		Start combining sheet data into single data frame.
2023-06-10 22:20:54	[Main thread]	INFO	future		Finish combining sheet data into single data frame.
2023-06-10 22:20:54	[Main thread]	INFO	future		Finish reading_patient_data_2.
2023-06-10 22:20:54	[Main thread]	DEBUG	future		df_raw_patient dim: c(43, 35).
2023-06-10 22:20:54	[Main thread]	DEBUG	future		Start export_data. Suffix = _patient_data.
2023-06-10 22:20:54	[Main thread]	INFO	future		Finish export_data. Suffix = {suffix}
2023-06-10 22:20:54	[Main thread]	INFO	future		Finish process_patient_data.
2023-06-10 22:20:54	[Main thread]	INFO	future		Start process_product_data.
2023-06-10 22:20:54	[Main thread]	DEBUG	future		Start reading_product_data_step1.
2023-06-10 22:20:57	[Main thread]	DEBUG	future		df_raw_product dim: c(252, 11).
2023-06-10 22:20:57	[Main thread]	DEBUG	future		Start export_data. Suffix = _product_data.
2023-06-10 22:20:57	[Main thread]	INFO	future		Finish export_data. Suffix = {suffix}
2023-06-10 22:20:57	[Main thread]	INFO	future		Finish process_product_data.
2023-06-10 22:20:57	[Main thread]	INFO	future		Finish process_tracker_file.
2023-06-11 05:14:06	[Main thread]	DEBUG	future		Start process_tracker_file.
2023-06-11 05:14:06	[Main thread]	INFO	future		Current file: 2021_SWK.xlsx.
2023-06-11 05:14:06	[Main thread]	DEBUG	future		Start process_patient_data.
2023-06-11 05:14:06	[Main thread]	DEBUG	future		Start reading_patient_data_2.
2023-06-11 05:14:06	[Main thread]	INFO	future		Found 5 sheets inside the current file = INV,Dec21,Nov21,Oct21,Look Up List.
2023-06-11 05:14:06	[Main thread]	INFO	future		Found 3 month sheets inside the current file = Oct21,Nov21,Dec21.
2023-06-11 05:14:06	[Main thread]	INFO	future		Tracker year = 2021.
2023-06-11 05:14:06	[Main thread]	DEBUG	future		Start processing sheets.
2023-06-11 05:14:06	[Main thread]	DEBUG	future		Start processing sheet Oct21.
2023-06-11 05:14:07	[Main thread]	DEBUG	future		patient_df dim: c(14, 30).
2023-06-11 05:14:07	[Main thread]	INFO	future		Finish processing sheet Oct21.
2023-06-11 05:14:07	[Main thread]	DEBUG	future		Start processing sheet Nov21.
2023-06-11 05:14:08	[Main thread]	DEBUG	future		patient_df dim: c(14, 30).
2023-06-11 05:14:08	[Main thread]	INFO	future		Finish processing sheet Nov21.
2023-06-11 05:14:08	[Main thread]	DEBUG	future		Start processing sheet Dec21.
2023-06-11 05:14:08	[Main thread]	DEBUG	future		patient_df dim: c(15, 30).
2023-06-11 05:14:08	[Main thread]	INFO	future		Finish processing sheet Dec21.
2023-06-11 05:14:08	[Main thread]	INFO	future		Start combining sheet data into single data frame.
2023-06-11 05:14:08	[Main thread]	INFO	future		Finish combining sheet data into single data frame.
2023-06-11 05:14:08	[Main thread]	INFO	future		Finish reading_patient_data_2.
2023-06-11 05:14:08	[Main thread]	DEBUG	future		df_raw_patient dim: c(43, 35).
2023-06-11 05:14:08	[Main thread]	DEBUG	future		Start export_data. Suffix = _patient_data.
2023-06-11 05:14:08	[Main thread]	INFO	future		Finish export_data. Suffix = {suffix}
2023-06-11 05:14:08	[Main thread]	INFO	future		Finish process_patient_data.
2023-06-11 05:14:08	[Main thread]	INFO	future		Start process_product_data.
2023-06-11 05:14:09	[Main thread]	DEBUG	future		Start reading_product_data_step1.
2023-06-11 05:14:10	[Main thread]	DEBUG	future		df_raw_product dim: c(252, 11).
2023-06-11 05:14:10	[Main thread]	DEBUG	future		Start export_data. Suffix = _product_data.
2023-06-11 05:14:15	[Main thread]	INFO	future		Finish export_data. Suffix = {suffix}
2023-06-11 05:14:15	[Main thread]	INFO	future		Finish process_product_data.
2023-06-11 05:14:15	[Main thread]	INFO	future		Finish process_tracker_file.
