2023-06-10 22:20:51	[Main thread]	DEBUG	future		Start process_tracker_file.
2023-06-10 22:20:51	[Main thread]	INFO	future		Current file: 2022_NPH.xlsx.
2023-06-10 22:20:51	[Main thread]	DEBUG	future		Start process_patient_data.
2023-06-10 22:20:52	[Main thread]	DEBUG	future		Start reading_patient_data_2.
2023-06-10 22:20:52	[Main thread]	INFO	future		Found 6 sheets inside the current file = Patient List,INV,Mar'22,Feb'22,Jan'22,Look Up List.
2023-06-10 22:20:52	[Main thread]	INFO	future		Found 3 month sheets inside the current file = Jan'22,Feb'22,Mar'22.
2023-06-10 22:20:52	[Main thread]	INFO	future		Tracker year = 2022.
2023-06-10 22:20:52	[Main thread]	DEBUG	future		Start processing sheets.
2023-06-10 22:20:52	[Main thread]	DEBUG	future		Start processing sheet Jan'22.
2023-06-10 22:20:53	[Main thread]	DEBUG	future		patient_df dim: c(16, 30).
2023-06-10 22:20:53	[Main thread]	INFO	future		Finish processing sheet Jan'22.
2023-06-10 22:20:53	[Main thread]	DEBUG	future		Start processing sheet Feb'22.
2023-06-10 22:20:54	[Main thread]	DEBUG	future		patient_df dim: c(16, 31).
2023-06-10 22:20:54	[Main thread]	INFO	future		Finish processing sheet Feb'22.
2023-06-10 22:20:54	[Main thread]	DEBUG	future		Start processing sheet Mar'22.
2023-06-10 22:20:55	[Main thread]	DEBUG	future		patient_df dim: c(17, 31).
2023-06-10 22:20:55	[Main thread]	INFO	future		Finish processing sheet Mar'22.
2023-06-10 22:20:55	[Main thread]	INFO	future		Start combining sheet data into single data frame.
2023-06-10 22:20:55	[Main thread]	INFO	future		Finish combining sheet data into single data frame.
2023-06-10 22:20:55	[Main thread]	INFO	future		Finish reading_patient_data_2.
2023-06-10 22:20:55	[Main thread]	DEBUG	future		df_raw_patient dim: c(49, 46).
2023-06-10 22:20:55	[Main thread]	DEBUG	future		Start export_data. Suffix = _patient_data.
2023-06-10 22:20:55	[Main thread]	INFO	future		Finish export_data. Suffix = {suffix}
2023-06-10 22:20:55	[Main thread]	INFO	future		Finish process_patient_data.
2023-06-10 22:20:55	[Main thread]	INFO	future		Start process_product_data.
2023-06-10 22:20:55	[Main thread]	DEBUG	future		Start reading_product_data_step1.
2023-06-10 22:20:58	[Main thread]	DEBUG	future		df_raw_product dim: c(237, 10).
2023-06-10 22:20:58	[Main thread]	DEBUG	future		Start export_data. Suffix = _product_data.
2023-06-10 22:20:58	[Main thread]	INFO	future		Finish export_data. Suffix = {suffix}
2023-06-10 22:20:58	[Main thread]	INFO	future		Finish process_product_data.
2023-06-10 22:20:58	[Main thread]	INFO	future		Finish process_tracker_file.
2023-06-11 05:14:15	[Main thread]	DEBUG	future		Start process_tracker_file.
2023-06-11 05:14:15	[Main thread]	INFO	future		Current file: 2022_NPH.xlsx.
2023-06-11 05:14:15	[Main thread]	DEBUG	future		Start process_patient_data.
2023-06-11 05:14:15	[Main thread]	DEBUG	future		Start reading_patient_data_2.
2023-06-11 05:14:16	[Main thread]	INFO	future		Found 6 sheets inside the current file = Patient List,INV,Mar'22,Feb'22,Jan'22,Look Up List.
2023-06-11 05:14:16	[Main thread]	INFO	future		Found 3 month sheets inside the current file = Jan'22,Feb'22,Mar'22.
2023-06-11 05:14:16	[Main thread]	INFO	future		Tracker year = 2022.
2023-06-11 05:14:16	[Main thread]	DEBUG	future		Start processing sheets.
2023-06-11 05:14:16	[Main thread]	DEBUG	future		Start processing sheet Jan'22.
2023-06-11 05:14:17	[Main thread]	DEBUG	future		patient_df dim: c(16, 30).
2023-06-11 05:14:17	[Main thread]	INFO	future		Finish processing sheet Jan'22.
2023-06-11 05:14:17	[Main thread]	DEBUG	future		Start processing sheet Feb'22.
2023-06-11 05:14:17	[Main thread]	DEBUG	future		patient_df dim: c(16, 31).
2023-06-11 05:14:17	[Main thread]	INFO	future		Finish processing sheet Feb'22.
2023-06-11 05:14:17	[Main thread]	DEBUG	future		Start processing sheet Mar'22.
2023-06-11 05:14:18	[Main thread]	DEBUG	future		patient_df dim: c(17, 31).
2023-06-11 05:14:18	[Main thread]	INFO	future		Finish processing sheet Mar'22.
2023-06-11 05:14:18	[Main thread]	INFO	future		Start combining sheet data into single data frame.
2023-06-11 05:14:18	[Main thread]	INFO	future		Finish combining sheet data into single data frame.
2023-06-11 05:14:18	[Main thread]	INFO	future		Finish reading_patient_data_2.
2023-06-11 05:14:18	[Main thread]	DEBUG	future		df_raw_patient dim: c(49, 46).
2023-06-11 05:14:18	[Main thread]	DEBUG	future		Start export_data. Suffix = _patient_data.
2023-06-11 05:14:18	[Main thread]	INFO	future		Finish export_data. Suffix = {suffix}
2023-06-11 05:14:18	[Main thread]	INFO	future		Finish process_patient_data.
2023-06-11 05:14:18	[Main thread]	INFO	future		Start process_product_data.
2023-06-11 05:14:18	[Main thread]	DEBUG	future		Start reading_product_data_step1.
2023-06-11 05:14:20	[Main thread]	DEBUG	future		df_raw_product dim: c(237, 10).
2023-06-11 05:14:20	[Main thread]	DEBUG	future		Start export_data. Suffix = _product_data.
2023-06-11 05:14:20	[Main thread]	INFO	future		Finish export_data. Suffix = {suffix}
2023-06-11 05:14:20	[Main thread]	INFO	future		Finish process_product_data.
2023-06-11 05:14:20	[Main thread]	INFO	future		Finish process_tracker_file.
